<?xml version="1.0" encoding="UTF-8"?>
<!-- Generated by org.testng.reporters.JUnitReportReporter -->
<testsuite name="Mytest.Mytest_one_white" tests="1" time="0.019" ignored="0" failures="0" timestamp="17 四月 2020 06:37:50 GMT" skipped="0" hostname="DESKTOP-7TNKUGM" errors="0">
  <testcase name="test_in_china" time="0.019" classname="Mytest.Mytest_one_white"/>
</testsuite> <!-- Mytest.Mytest_one_white -->
