<?xml version="1.0" encoding="UTF-8"?>
<!-- Generated by org.testng.reporters.JUnitReportReporter -->
<testsuite name="first_test.AppTest" tests="1" time="0.061" ignored="0" failures="0" timestamp="17 四月 2020 06:24:12 GMT" skipped="0" hostname="DESKTOP-7TNKUGM" errors="0">
  <testcase name="shouldAnswerWithTrue" time="0.061" classname="first_test.AppTest"/>
</testsuite> <!-- first_test.AppTest -->
